<?xml version="1.0" encoding="utf-8"?><testsuites name="pytest tests"><testsuite name="pytest" errors="0" failures="0" skipped="0" tests="16" time="17.588" timestamp="2026-02-10T22:34:44.171408+00:00" hostname="agent-env-6a9a418c-91ef-49bd-a3e1-9d02a32a955d"><testcase classname="backend.tests.test_advanced_ui_and_apis.TestAdvancedAttackAPIs" name="test_persistence_api_returns_techniques" time="0.101" /><testcase classname="backend.tests.test_advanced_ui_and_apis.TestAdvancedAttackAPIs" name="test_persistence_api_with_custom_params" time="0.047" /><testcase classname="backend.tests.test_advanced_ui_and_apis.TestAdvancedAttackAPIs" name="test_evasion_api_returns_techniques" time="0.042" /><testcase classname="backend.tests.test_advanced_ui_and_apis.TestAdvancedAttackAPIs" name="test_evasion_api_get_method" time="0.045" /><testcase classname="backend.tests.test_advanced_ui_and_apis.TestAdvancedAttackAPIs" name="test_lateral_api_returns_techniques" time="0.044" /><testcase classname="backend.tests.test_advanced_ui_and_apis.TestAdvancedAttackAPIs" name="test_lateral_api_with_credentials" time="0.043" /><testcase classname="backend.tests.test_advanced_ui_and_apis.TestAdvancedAttackAPIs" name="test_exfil_api_returns_techniques" time="0.039" /><testcase classname="backend.tests.test_advanced_ui_and_apis.TestAdvancedAttackAPIs" name="test_exfil_api_with_custom_server" time="0.041" /><testcase classname="backend.tests.test_advanced_ui_and_apis.TestAutonomousAgentAPIs" name="test_kawaii_endpoint_works" time="6.723" /><testcase classname="backend.tests.test_advanced_ui_and_apis.TestAutonomousAgentAPIs" name="test_kawaii_endpoint_requires_message" time="0.068" /><testcase classname="backend.tests.test_advanced_ui_and_apis.TestAutonomousAgentAPIs" name="test_hackbuddy_endpoint_exists" time="0.036" /><testcase classname="backend.tests.test_advanced_ui_and_apis.TestAutonomousAgentAPIs" name="test_garak_endpoint_exists" time="10.038" /><testcase classname="backend.tests.test_advanced_ui_and_apis.TestAutonomousAgentAPIs" name="test_autogpt_endpoint_exists" time="0.060" /><testcase classname="backend.tests.test_advanced_ui_and_apis.TestAutonomousAgentAPIs" name="test_crew_endpoint_exists" time="0.043" /><testcase classname="backend.tests.test_advanced_ui_and_apis.TestDashboardHealth" name="test_dashboard_loads" time="0.063" /><testcase classname="backend.tests.test_advanced_ui_and_apis.TestDashboardHealth" name="test_backend_status" time="0.069" /></testsuite></testsuites>