<?xml version="1.0" encoding="utf-8"?><testsuites name="pytest tests"><testsuite name="pytest" errors="0" failures="0" skipped="0" tests="11" time="98.501" timestamp="2026-07-30T05:29:54.690428+00:00" hostname="agent-env-65258f2a-bd74-44b9-a30a-0d3345b61fee"><testcase classname="backend.tests.backend_test.TestVoice" name="test_voice_list_has_preview_url" time="0.370" /><testcase classname="backend.tests.backend_test.TestVoice" name="test_voice_select_and_persist" time="0.275" /><testcase classname="backend.tests.backend_test.TestVoice" name="test_voice_speak_returns_audio" time="0.831" /><testcase classname="backend.tests.backend_test.TestChat" name="test_chat_greeting" time="2.207" /><testcase classname="backend.tests.backend_test.TestImage" name="test_lilith_image_generation" time="4.718" /><testcase classname="backend.tests.backend_test.TestStatusBoosts" name="test_status_includes_boost_engines" time="0.046" /><testcase classname="backend.tests.backend_test.TestPresets" name="test_presets_list_seeded" time="0.042" /><testcase classname="backend.tests.backend_test.TestPresets" name="test_preset_create_apply_delete" time="0.265" /><testcase classname="backend.tests.backend_test.TestPresets" name="test_preset_apply_with_voice_id_persists" time="0.420" /><testcase classname="backend.tests.backend_test.TestBoostToggles" name="test_face_swap_skipped_without_reference" time="42.729" /><testcase classname="backend.tests.backend_test.TestBoostToggles" name="test_pose_controlnet_skipped_without_reference" time="46.525" /></testsuite></testsuites>