<?xml version="1.0" encoding="utf-8"?><testsuites name="pytest tests"><testsuite name="pytest" errors="0" failures="0" skipped="0" tests="17" time="1.076" timestamp="2026-02-10T20:48:31.392103+00:00" hostname="agent-env-59d75caa-b7a0-498d-a045-5ef2b15cd6ab"><testcase classname="backend.tests.test_evil_image_video_ais.TestEvilImageVideoAIs" name="test_total_ai_count_is_88" time="0.470" /><testcase classname="backend.tests.test_evil_image_video_ais.TestEvilImageVideoAIs" name="test_all_evil_ais_exist" time="0.000" /><testcase classname="backend.tests.test_evil_image_video_ais.TestEvilImageVideoAIs" name="test_evil_ai_has_correct_structure" time="0.000" /><testcase classname="backend.tests.test_evil_image_video_ais.TestEvilImageVideoAIs" name="test_set_mode_to_darkflux" time="0.100" /><testcase classname="backend.tests.test_evil_image_video_ais.TestEvilImageVideoAIs" name="test_set_mode_to_nightmareai" time="0.043" /><testcase classname="backend.tests.test_evil_image_video_ais.TestEvilImageVideoAIs" name="test_set_mode_to_videodevil" time="0.045" /><testcase classname="backend.tests.test_evil_image_video_ais.TestEvilImageVideoAIs" name="test_reset_mode_to_lilith" time="0.040" /><testcase classname="backend.tests.test_evil_image_video_ais.TestVideoEngine" name="test_video_engine_exists" time="0.068" /><testcase classname="backend.tests.test_evil_image_video_ais.TestVideoEngine" name="test_video_styles_available" time="0.000" /><testcase classname="backend.tests.test_evil_image_video_ais.TestVideoEngine" name="test_video_style_has_prefix" time="0.000" /><testcase classname="backend.tests.test_evil_image_video_ais.TestTelegramBotIntegration" name="test_telegram_bot_file_exists" time="0.000" /><testcase classname="backend.tests.test_evil_image_video_ais.TestTelegramBotIntegration" name="test_telegram_bot_has_video_command" time="0.000" /><testcase classname="backend.tests.test_evil_image_video_ais.TestTelegramBotIntegration" name="test_telegram_bot_has_videostyles_command" time="0.000" /><testcase classname="backend.tests.test_evil_image_video_ais.TestDashboardDropdown" name="test_dashboard_has_evil_ai_optgroup" time="0.056" /><testcase classname="backend.tests.test_evil_image_video_ais.TestDashboardDropdown" name="test_dashboard_has_darkflux_option" time="0.062" /><testcase classname="backend.tests.test_evil_image_video_ais.TestDashboardDropdown" name="test_dashboard_has_videodevil_option" time="0.067" /><testcase classname="backend.tests.test_evil_image_video_ais.TestDashboardDropdown" name="test_dashboard_shows_88_ais" time="0.059" /></testsuite></testsuites>