<?xml version="1.0" encoding="utf-8"?><testsuites name="pytest tests"><testsuite name="pytest" errors="0" failures="0" skipped="0" tests="13" time="6.837" timestamp="2026-02-09T21:38:47.195848+00:00" hostname="agent-env-5efe6530-ed94-48d1-b21f-8adcb5157c04"><testcase classname="backend.tests.test_offensive_tools.TestDashboardStatus" name="test_dashboard_status" time="0.087" /><testcase classname="backend.tests.test_offensive_tools.TestDashboardStatus" name="test_backend_status" time="0.055" /><testcase classname="backend.tests.test_offensive_tools.TestNmapScanner" name="test_nmap_quick_scan" time="0.069" /><testcase classname="backend.tests.test_offensive_tools.TestDirectoryBruter" name="test_dirb_brute_force" time="0.058" /><testcase classname="backend.tests.test_offensive_tools.TestHydraPasswordCracker" name="test_hydra_password_brute" time="0.096" /><testcase classname="backend.tests.test_offensive_tools.TestNetworkCapture" name="test_network_capture_start" time="0.047" /><testcase classname="backend.tests.test_offensive_tools.TestNetworkCapture" name="test_network_capture_status" time="6.058" /><testcase classname="backend.tests.test_offensive_tools.TestARPScanner" name="test_arp_scan" time="0.047" /><testcase classname="backend.tests.test_offensive_tools.TestHashcatIntegration" name="test_hashcat_identify" time="0.039" /><testcase classname="backend.tests.test_offensive_tools.TestMetasploitLite" name="test_msf_exploits" time="0.039" /><testcase classname="backend.tests.test_offensive_tools.TestMetasploitLite" name="test_msf_payloads" time="0.039" /><testcase classname="backend.tests.test_offensive_tools.TestMetasploitLite" name="test_msf_shells" time="0.041" /><testcase classname="backend.tests.test_offensive_tools.TestOpenClawSkills" name="test_openclaw_skills" time="0.052" /></testsuite></testsuites>