<?xml version="1.0" encoding="utf-8"?><testsuites name="pytest tests"><testsuite name="pytest" errors="0" failures="0" skipped="0" tests="31" time="1.537" timestamp="2026-02-10T22:07:47.806965+00:00" hostname="agent-env-59d75caa-b7a0-498d-a045-5ef2b15cd6ab"><testcase classname="backend.tests.test_advanced_attacks.TestPersistenceAPI" name="test_persistence_all_techniques" time="0.075" /><testcase classname="backend.tests.test_advanced_attacks.TestPersistenceAPI" name="test_persistence_linux_only" time="0.042" /><testcase classname="backend.tests.test_advanced_attacks.TestPersistenceAPI" name="test_persistence_windows_only" time="0.044" /><testcase classname="backend.tests.test_advanced_attacks.TestPersistenceAPI" name="test_persistence_cron_specific" time="0.053" /><testcase classname="backend.tests.test_advanced_attacks.TestPersistenceAPI" name="test_persistence_systemd_specific" time="0.042" /><testcase classname="backend.tests.test_advanced_attacks.TestPersistenceAPI" name="test_persistence_registry_specific" time="0.042" /><testcase classname="backend.tests.test_advanced_attacks.TestPersistenceAPI" name="test_persistence_invalid_technique" time="0.047" /><testcase classname="backend.tests.test_advanced_attacks.TestDefenseEvasionAPI" name="test_evasion_all_techniques" time="0.036" /><testcase classname="backend.tests.test_advanced_attacks.TestDefenseEvasionAPI" name="test_evasion_amsi_bypass_specific" time="0.040" /><testcase classname="backend.tests.test_advanced_attacks.TestDefenseEvasionAPI" name="test_evasion_defender_specific" time="0.043" /><testcase classname="backend.tests.test_advanced_attacks.TestDefenseEvasionAPI" name="test_evasion_linux_logs_specific" time="0.041" /><testcase classname="backend.tests.test_advanced_attacks.TestDefenseEvasionAPI" name="test_evasion_etw_bypass_specific" time="0.045" /><testcase classname="backend.tests.test_advanced_attacks.TestDefenseEvasionAPI" name="test_evasion_obfuscation_specific" time="0.039" /><testcase classname="backend.tests.test_advanced_attacks.TestLateralMovementAPI" name="test_lateral_all_techniques" time="0.036" /><testcase classname="backend.tests.test_advanced_attacks.TestLateralMovementAPI" name="test_lateral_ssh_specific" time="0.040" /><testcase classname="backend.tests.test_advanced_attacks.TestLateralMovementAPI" name="test_lateral_smb_specific" time="0.037" /><testcase classname="backend.tests.test_advanced_attacks.TestLateralMovementAPI" name="test_lateral_winrm_specific" time="0.038" /><testcase classname="backend.tests.test_advanced_attacks.TestLateralMovementAPI" name="test_lateral_rdp_specific" time="0.034" /><testcase classname="backend.tests.test_advanced_attacks.TestLateralMovementAPI" name="test_lateral_wmi_specific" time="0.038" /><testcase classname="backend.tests.test_advanced_attacks.TestLateralMovementAPI" name="test_lateral_pth_specific" time="0.039" /><testcase classname="backend.tests.test_advanced_attacks.TestLateralMovementAPI" name="test_lateral_pivot_specific" time="0.039" /><testcase classname="backend.tests.test_advanced_attacks.TestExfiltrationAPI" name="test_exfil_all_techniques" time="0.043" /><testcase classname="backend.tests.test_advanced_attacks.TestExfiltrationAPI" name="test_exfil_http_specific" time="0.038" /><testcase classname="backend.tests.test_advanced_attacks.TestExfiltrationAPI" name="test_exfil_dns_specific" time="0.038" /><testcase classname="backend.tests.test_advanced_attacks.TestExfiltrationAPI" name="test_exfil_icmp_specific" time="0.039" /><testcase classname="backend.tests.test_advanced_attacks.TestExfiltrationAPI" name="test_exfil_https_specific" time="0.051" /><testcase classname="backend.tests.test_advanced_attacks.TestExfiltrationAPI" name="test_exfil_cloud_specific" time="0.038" /><testcase classname="backend.tests.test_advanced_attacks.TestExfiltrationAPI" name="test_exfil_stego_specific" time="0.040" /><testcase classname="backend.tests.test_advanced_attacks.TestExfiltrationAPI" name="test_exfil_archive_specific" time="0.039" /><testcase classname="backend.tests.test_advanced_attacks.TestExfiltrationAPI" name="test_exfil_staging_specific" time="0.040" /><testcase classname="backend.tests.test_advanced_attacks.TestAdvancedAttackIntegration" name="test_full_attack_chain_persistence_to_exfil" time="0.153" /></testsuite></testsuites>