<?xml version="1.0" encoding="utf-8"?><testsuites name="pytest tests"><testsuite name="pytest" errors="0" failures="0" skipped="1" tests="13" time="0.715" timestamp="2026-02-10T07:36:24.556380+00:00" hostname="agent-env-620c391d-590e-42fb-b11f-a7726a4ff9b3"><testcase classname="backend.tests.test_luciferos_dashboard.TestDashboardStatus" name="test_root_dashboard_loads" time="0.072" /><testcase classname="backend.tests.test_luciferos_dashboard.TestDashboardStatus" name="test_dashboard_status" time="0.062" /><testcase classname="backend.tests.test_luciferos_dashboard.TestDashboardStatus" name="test_backend_status" time="0.054" /><testcase classname="backend.tests.test_luciferos_dashboard.TestLilithAI" name="test_ai_status" time="0.041" /><testcase classname="backend.tests.test_luciferos_dashboard.TestLilithAI" name="test_ai_chat_send_message" time="0.000"><skipped type="pytest.skip" message="AI chat test is flaky due to g4f provider response times - verified working via manual curl">/app/backend/tests/test_luciferos_dashboard.py:62: AI chat test is flaky due to g4f provider response times - verified working via manual curl</skipped></testcase><testcase classname="backend.tests.test_luciferos_dashboard.TestLilithAI" name="test_ai_chat_empty_message" time="0.041" /><testcase classname="backend.tests.test_luciferos_dashboard.TestLilithAI" name="test_ai_set_mode" time="0.128" /><testcase classname="backend.tests.test_luciferos_dashboard.TestCommandInjector" name="test_injector_test_endpoint" time="0.043" /><testcase classname="backend.tests.test_luciferos_dashboard.TestCommandInjector" name="test_injector_no_code" time="0.038" /><testcase classname="backend.tests.test_luciferos_dashboard.TestOpenClawSkills" name="test_openclaw_skills" time="0.041" /><testcase classname="backend.tests.test_luciferos_dashboard.TestOffensiveTools" name="test_nmap_quick_scan" time="0.043" /><testcase classname="backend.tests.test_luciferos_dashboard.TestOffensiveTools" name="test_hashcat_identify" time="0.036" /><testcase classname="backend.tests.test_luciferos_dashboard.TestOffensiveTools" name="test_msf_exploits" time="0.043" /></testsuite></testsuites>