<?xml version="1.0" encoding="utf-8"?><testsuites name="pytest tests"><testsuite name="pytest" errors="0" failures="2" skipped="0" tests="19" time="189.646" timestamp="2026-04-26T01:11:26.433632+00:00" hostname="agent-env-d6bf0524-677c-4388-b7b3-b77cad57be4a"><testcase classname="backend.tests.test_lilith_v9.TestImageProxy" name="test_proxy_returns_image_content_type" time="1.879" /><testcase classname="backend.tests.test_lilith_v9.TestImageDownload" name="test_download_returns_302_redirect" time="0.157" /><testcase classname="backend.tests.test_lilith_v9.TestNudeEroticStyles" name="test_nude_style_accepted" time="0.140" /><testcase classname="backend.tests.test_lilith_v9.TestNudeEroticStyles" name="test_erotic_style_accepted" time="0.113" /><testcase classname="backend.tests.test_lilith_v9.TestNudeEroticStyles" name="test_bath_style_accepted" time="0.105" /><testcase classname="backend.tests.test_lilith_v9.TestNudeEroticStyles" name="test_topless_style_accepted" time="0.123" /><testcase classname="backend.tests.test_lilith_v9.TestStylePreference" name="test_style_erotic_nude_command" time="0.131" /><testcase classname="backend.tests.test_lilith_v9.TestStylePreference" name="test_pref_command" time="0.144" /><testcase classname="backend.tests.test_lilith_v9.TestVideoAPI" name="test_video_lilith_returns_pollinations_url" time="0.110" /><testcase classname="backend.tests.test_lilith_v9.TestVideoAPI" name="test_video_generate_returns_pollinations_url" time="0.147" /><testcase classname="backend.tests.test_lilith_v9.TestChatAPI" name="test_chat_sends_message_gets_response" time="44.793" /><testcase classname="backend.tests.test_lilith_v9.TestChatAPI" name="test_chat_multiple_messages" time="60.154"><failure message="AssertionError: Expected 200 for 'Tell me something interesting', got 502&#10;assert 502 == 200&#10; +  where 502 = &lt;Response [502]&gt;.status_code">backend/tests/test_lilith_v9.py:280: in test_chat_multiple_messages
    assert resp.status_code == 200, f"Expected 200 for '{msg}', got {resp.status_code}"
E   AssertionError: Expected 200 for 'Tell me something interesting', got 502
E   assert 502 == 200
E    +  where 502 = &lt;Response [502]&gt;.status_code</failure></testcase><testcase classname="backend.tests.test_lilith_v9.TestSessionPersistence" name="test_messages_saved_and_retrievable" time="61.178"><failure message="requests.exceptions.ReadTimeout: HTTPSConnectionPool(host='sultry-avatar.preview.emergentagent.com', port=443): Read timed out. (read timeout=60)">/root/.venv/lib/python3.11/site-packages/urllib3/connectionpool.py:534: in _make_request
    response = conn.getresponse()
               ^^^^^^^^^^^^^^^^^^
/root/.venv/lib/python3.11/site-packages/urllib3/connection.py:571: in getresponse
    httplib_response = super().getresponse()
                       ^^^^^^^^^^^^^^^^^^^^^
/usr/local/lib/python3.11/http/client.py:1415: in getresponse
    response.begin()
/usr/local/lib/python3.11/http/client.py:330: in begin
    version, status, reason = self._read_status()
                              ^^^^^^^^^^^^^^^^^^^
/usr/local/lib/python3.11/http/client.py:291: in _read_status
    line = str(self.fp.readline(_MAXLINE + 1), "iso-8859-1")
               ^^^^^^^^^^^^^^^^^^^^^^^^^^^^^^
/usr/local/lib/python3.11/socket.py:718: in readinto
    return self._sock.recv_into(b)
           ^^^^^^^^^^^^^^^^^^^^^^^
/usr/local/lib/python3.11/ssl.py:1314: in recv_into
    return self.read(nbytes, buffer)
           ^^^^^^^^^^^^^^^^^^^^^^^^^
/usr/local/lib/python3.11/ssl.py:1166: in read
    return self._sslobj.read(len, buffer)
           ^^^^^^^^^^^^^^^^^^^^^^^^^^^^^^
E   TimeoutError: The read operation timed out

The above exception was the direct cause of the following exception:
/root/.venv/lib/python3.11/site-packages/requests/adapters.py:644: in send
    resp = conn.urlopen(
/root/.venv/lib/python3.11/site-packages/urllib3/connectionpool.py:841: in urlopen
    retries = retries.increment(
/root/.venv/lib/python3.11/site-packages/urllib3/util/retry.py:490: in increment
    raise reraise(type(error), error, _stacktrace)
          ^^^^^^^^^^^^^^^^^^^^^^^^^^^^^^^^^^^^^^^^
/root/.venv/lib/python3.11/site-packages/urllib3/util/util.py:39: in reraise
    raise value
/root/.venv/lib/python3.11/site-packages/urllib3/connectionpool.py:787: in urlopen
    response = self._make_request(
/root/.venv/lib/python3.11/site-packages/urllib3/connectionpool.py:536: in _make_request
    self._raise_timeout(err=e, url=url, timeout_value=read_timeout)
/root/.venv/lib/python3.11/site-packages/urllib3/connectionpool.py:367: in _raise_timeout
    raise ReadTimeoutError(
E   urllib3.exceptions.ReadTimeoutError: HTTPSConnectionPool(host='sultry-avatar.preview.emergentagent.com', port=443): Read timed out. (read timeout=60)

During handling of the above exception, another exception occurred:
backend/tests/test_lilith_v9.py:296: in test_messages_saved_and_retrievable
    resp = requests.post(chat_url, json={
/root/.venv/lib/python3.11/site-packages/requests/api.py:115: in post
    return request("post", url, data=data, json=json, **kwargs)
           ^^^^^^^^^^^^^^^^^^^^^^^^^^^^^^^^^^^^^^^^^^^^^^^^^^^^
/root/.venv/lib/python3.11/site-packages/requests/api.py:59: in request
    return session.request(method=method, url=url, **kwargs)
           ^^^^^^^^^^^^^^^^^^^^^^^^^^^^^^^^^^^^^^^^^^^^^^^^^
/root/.venv/lib/python3.11/site-packages/requests/sessions.py:589: in request
    resp = self.send(prep, **send_kwargs)
           ^^^^^^^^^^^^^^^^^^^^^^^^^^^^^^
/root/.venv/lib/python3.11/site-packages/requests/sessions.py:703: in send
    r = adapter.send(request, **kwargs)
        ^^^^^^^^^^^^^^^^^^^^^^^^^^^^^^^
/root/.venv/lib/python3.11/site-packages/requests/adapters.py:690: in send
    raise ReadTimeout(e, request=request)
E   requests.exceptions.ReadTimeout: HTTPSConnectionPool(host='sultry-avatar.preview.emergentagent.com', port=443): Read timed out. (read timeout=60)</failure></testcase><testcase classname="backend.tests.test_lilith_v9.TestP0BugFix" name="test_make_me_feel_good_no_image" time="11.948" /><testcase classname="backend.tests.test_lilith_v9.TestP0BugFix" name="test_create_something_no_image" time="7.726" /><testcase classname="backend.tests.test_lilith_v9.TestP0BugFix" name="test_explicit_image_command_works" time="0.188" /><testcase classname="backend.tests.test_lilith_v9.TestFrontendElements" name="test_frontend_loads" time="0.145" /><testcase classname="backend.tests.test_lilith_v9.TestFrontendElements" name="test_lip_sync_elements_in_html" time="0.124" /><testcase classname="backend.tests.test_lilith_v9.TestImageGeneratorStyles" name="test_random_style_works" time="0.114" /></testsuite></testsuites>