<?xml version="1.0" encoding="utf-8"?><testsuites name="pytest tests"><testsuite name="pytest" errors="0" failures="0" skipped="0" tests="13" time="155.629" timestamp="2026-04-26T00:23:41.465738+00:00" hostname="agent-env-d6bf0524-677c-4388-b7b3-b77cad57be4a"><testcase classname="backend.tests.test_lilith_v8.TestLilithStats" name="test_stats_endpoint_returns_success" time="0.188" /><testcase classname="backend.tests.test_lilith_v8.TestLilithStats" name="test_provider_count_greater_than_20" time="0.115" /><testcase classname="backend.tests.test_lilith_v8.TestChatAPIStability" name="test_chat_message_1" time="7.673" /><testcase classname="backend.tests.test_lilith_v8.TestChatAPIStability" name="test_chat_message_2" time="27.808" /><testcase classname="backend.tests.test_lilith_v8.TestChatAPIStability" name="test_chat_message_3" time="27.192" /><testcase classname="backend.tests.test_lilith_v8.TestP0BugFix" name="test_make_word_does_not_trigger_image" time="0.392" /><testcase classname="backend.tests.test_lilith_v8.TestP0BugFix" name="test_feel_word_does_not_trigger_image" time="30.010" /><testcase classname="backend.tests.test_lilith_v8.TestP0BugFix" name="test_create_word_does_not_trigger_image" time="31.255" /><testcase classname="backend.tests.test_lilith_v8.TestStyleCommand" name="test_style_command_recognized" time="0.210" /><testcase classname="backend.tests.test_lilith_v8.TestStyleCommand" name="test_pref_command_recognized" time="0.146" /><testcase classname="backend.tests.test_lilith_v8.TestSessionPersistence" name="test_session_history_endpoint" time="30.278" /><testcase classname="backend.tests.test_lilith_v8.TestClearChat" name="test_clear_endpoint" time="0.119" /><testcase classname="backend.tests.test_lilith_v8.TestTelegramBotStatus" name="test_telegram_bot_running" time="0.172" /></testsuite></testsuites>