<?xml version="1.0" encoding="utf-8"?><testsuites name="pytest tests"><testsuite name="pytest" errors="0" failures="1" skipped="0" tests="19" time="219.614" timestamp="2026-04-25T23:59:36.819545+00:00" hostname="agent-env-d6bf0524-677c-4388-b7b3-b77cad57be4a"><testcase classname="backend.tests.test_lilith_eternal.TestLilithChatAPI" name="test_chat_endpoint_exists" time="5.937" /><testcase classname="backend.tests.test_lilith_eternal.TestLilithChatAPI" name="test_chat_returns_response_and_provider" time="26.943" /><testcase classname="backend.tests.test_lilith_eternal.TestP0BugFix_FalsePositiveImageTrigger" name="test_word_make_does_not_trigger_image" time="29.135" /><testcase classname="backend.tests.test_lilith_eternal.TestP0BugFix_FalsePositiveImageTrigger" name="test_word_create_does_not_trigger_image" time="31.320" /><testcase classname="backend.tests.test_lilith_eternal.TestP0BugFix_FalsePositiveImageTrigger" name="test_word_feel_does_not_trigger_image" time="1.706" /><testcase classname="backend.tests.test_lilith_eternal.TestP0BugFix_FalsePositiveImageTrigger" name="test_normal_conversation_no_image_trigger" time="88.654"><failure message="requests.exceptions.ReadTimeout: HTTPSConnectionPool(host='sultry-avatar.preview.emergentagent.com', port=443): Read timed out. (read timeout=60)">/root/.venv/lib/python3.11/site-packages/urllib3/connectionpool.py:534: in _make_request
    response = conn.getresponse()
               ^^^^^^^^^^^^^^^^^^
/root/.venv/lib/python3.11/site-packages/urllib3/connection.py:571: in getresponse
    httplib_response = super().getresponse()
                       ^^^^^^^^^^^^^^^^^^^^^
/usr/local/lib/python3.11/http/client.py:1415: in getresponse
    response.begin()
/usr/local/lib/python3.11/http/client.py:330: in begin
    version, status, reason = self._read_status()
                              ^^^^^^^^^^^^^^^^^^^
/usr/local/lib/python3.11/http/client.py:291: in _read_status
    line = str(self.fp.readline(_MAXLINE + 1), "iso-8859-1")
               ^^^^^^^^^^^^^^^^^^^^^^^^^^^^^^
/usr/local/lib/python3.11/socket.py:718: in readinto
    return self._sock.recv_into(b)
           ^^^^^^^^^^^^^^^^^^^^^^^
/usr/local/lib/python3.11/ssl.py:1314: in recv_into
    return self.read(nbytes, buffer)
           ^^^^^^^^^^^^^^^^^^^^^^^^^
/usr/local/lib/python3.11/ssl.py:1166: in read
    return self._sslobj.read(len, buffer)
           ^^^^^^^^^^^^^^^^^^^^^^^^^^^^^^
E   TimeoutError: The read operation timed out

The above exception was the direct cause of the following exception:
/root/.venv/lib/python3.11/site-packages/requests/adapters.py:644: in send
    resp = conn.urlopen(
/root/.venv/lib/python3.11/site-packages/urllib3/connectionpool.py:841: in urlopen
    retries = retries.increment(
/root/.venv/lib/python3.11/site-packages/urllib3/util/retry.py:490: in increment
    raise reraise(type(error), error, _stacktrace)
          ^^^^^^^^^^^^^^^^^^^^^^^^^^^^^^^^^^^^^^^^
/root/.venv/lib/python3.11/site-packages/urllib3/util/util.py:39: in reraise
    raise value
/root/.venv/lib/python3.11/site-packages/urllib3/connectionpool.py:787: in urlopen
    response = self._make_request(
/root/.venv/lib/python3.11/site-packages/urllib3/connectionpool.py:536: in _make_request
    self._raise_timeout(err=e, url=url, timeout_value=read_timeout)
/root/.venv/lib/python3.11/site-packages/urllib3/connectionpool.py:367: in _raise_timeout
    raise ReadTimeoutError(
E   urllib3.exceptions.ReadTimeoutError: HTTPSConnectionPool(host='sultry-avatar.preview.emergentagent.com', port=443): Read timed out. (read timeout=60)

During handling of the above exception, another exception occurred:
backend/tests/test_lilith_eternal.py:115: in test_normal_conversation_no_image_trigger
    response = requests.post(
/root/.venv/lib/python3.11/site-packages/requests/api.py:115: in post
    return request("post", url, data=data, json=json, **kwargs)
           ^^^^^^^^^^^^^^^^^^^^^^^^^^^^^^^^^^^^^^^^^^^^^^^^^^^^
/root/.venv/lib/python3.11/site-packages/requests/api.py:59: in request
    return session.request(method=method, url=url, **kwargs)
           ^^^^^^^^^^^^^^^^^^^^^^^^^^^^^^^^^^^^^^^^^^^^^^^^^
/root/.venv/lib/python3.11/site-packages/requests/sessions.py:589: in request
    resp = self.send(prep, **send_kwargs)
           ^^^^^^^^^^^^^^^^^^^^^^^^^^^^^^
/root/.venv/lib/python3.11/site-packages/requests/sessions.py:703: in send
    r = adapter.send(request, **kwargs)
        ^^^^^^^^^^^^^^^^^^^^^^^^^^^^^^^
/root/.venv/lib/python3.11/site-packages/requests/adapters.py:690: in send
    raise ReadTimeout(e, request=request)
E   requests.exceptions.ReadTimeout: HTTPSConnectionPool(host='sultry-avatar.preview.emergentagent.com', port=443): Read timed out. (read timeout=60)</failure></testcase><testcase classname="backend.tests.test_lilith_eternal.TestExplicitImageCommands" name="test_generate_image_of_triggers_image" time="0.254" /><testcase classname="backend.tests.test_lilith_eternal.TestExplicitImageCommands" name="test_slash_image_command_endpoint" time="0.142" /><testcase classname="backend.tests.test_lilith_eternal.TestExplicitImageCommands" name="test_lilith_self_portrait" time="0.119" /><testcase classname="backend.tests.test_lilith_eternal.TestSessionPersistence" name="test_session_history_endpoint_exists" time="0.138" /><testcase classname="backend.tests.test_lilith_eternal.TestSessionPersistence" name="test_messages_persist_across_requests" time="4.743" /><testcase classname="backend.tests.test_lilith_eternal.TestImagePreferenceSystem" name="test_style_command_sets_preference" time="0.163" /><testcase classname="backend.tests.test_lilith_eternal.TestImagePreferenceSystem" name="test_natural_language_preference_detection" time="0.145" /><testcase classname="backend.tests.test_lilith_eternal.TestImagePreferenceSystem" name="test_preference_command_variations" time="0.265" /><testcase classname="backend.tests.test_lilith_eternal.TestClearChat" name="test_clear_endpoint_exists" time="0.107" /><testcase classname="backend.tests.test_lilith_eternal.TestClearChat" name="test_clear_removes_history" time="29.273" /><testcase classname="backend.tests.test_lilith_eternal.TestStatsEndpoint" name="test_stats_endpoint" time="0.110" /><testcase classname="backend.tests.test_lilith_eternal.TestFrontendLoads" name="test_lilith_page_loads" time="0.118" /><testcase classname="backend.tests.test_lilith_eternal.TestFrontendLoads" name="test_page_contains_required_elements" time="0.126" /></testsuite></testsuites>