<?xml version="1.0" encoding="utf-8"?><testsuites name="pytest tests"><testsuite name="pytest" errors="0" failures="4" skipped="0" tests="16" time="35.861" timestamp="2026-02-10T22:33:24.538869+00:00" hostname="agent-env-6a9a418c-91ef-49bd-a3e1-9d02a32a955d"><testcase classname="backend.tests.test_advanced_ui_and_apis.TestAdvancedAttackAPIs" name="test_persistence_api_returns_techniques" time="0.072" /><testcase classname="backend.tests.test_advanced_ui_and_apis.TestAdvancedAttackAPIs" name="test_persistence_api_with_custom_params" time="0.043" /><testcase classname="backend.tests.test_advanced_ui_and_apis.TestAdvancedAttackAPIs" name="test_evasion_api_returns_techniques" time="0.038"><failure message="assert 405 == 200&#10; +  where 405 = &lt;Response [405]&gt;.status_code">backend/tests/test_advanced_ui_and_apis.py:70: in test_evasion_api_returns_techniques
    assert response.status_code == 200
E   assert 405 == 200
E    +  where 405 = &lt;Response [405]&gt;.status_code</failure></testcase><testcase classname="backend.tests.test_advanced_ui_and_apis.TestAdvancedAttackAPIs" name="test_evasion_api_get_method" time="0.039" /><testcase classname="backend.tests.test_advanced_ui_and_apis.TestAdvancedAttackAPIs" name="test_lateral_api_returns_techniques" time="0.038" /><testcase classname="backend.tests.test_advanced_ui_and_apis.TestAdvancedAttackAPIs" name="test_lateral_api_with_credentials" time="0.039" /><testcase classname="backend.tests.test_advanced_ui_and_apis.TestAdvancedAttackAPIs" name="test_exfil_api_returns_techniques" time="0.041" /><testcase classname="backend.tests.test_advanced_ui_and_apis.TestAdvancedAttackAPIs" name="test_exfil_api_with_custom_server" time="0.041"><failure message="AssertionError: assert 'evil.com' == 'attacker.com'&#10;  &#10;  - attacker.com&#10;  + evil.com">backend/tests/test_advanced_ui_and_apis.py:183: in test_exfil_api_with_custom_server
    assert data.get('exfil_server') == "attacker.com"
E   AssertionError: assert 'evil.com' == 'attacker.com'
E     
E     - attacker.com
E     + evil.com</failure></testcase><testcase classname="backend.tests.test_advanced_ui_and_apis.TestAutonomousAgentAPIs" name="test_kawaii_endpoint_works" time="4.915" /><testcase classname="backend.tests.test_advanced_ui_and_apis.TestAutonomousAgentAPIs" name="test_kawaii_endpoint_requires_message" time="0.052" /><testcase classname="backend.tests.test_advanced_ui_and_apis.TestAutonomousAgentAPIs" name="test_hackbuddy_endpoint_exists" time="0.038" /><testcase classname="backend.tests.test_advanced_ui_and_apis.TestAutonomousAgentAPIs" name="test_garak_endpoint_exists" time="30.051"><failure message="requests.exceptions.ReadTimeout: HTTPSConnectionPool(host='luciferos-1.preview.emergentagent.com', port=443): Read timed out. (read timeout=30)">/root/.venv/lib/python3.11/site-packages/urllib3/connectionpool.py:534: in _make_request
    response = conn.getresponse()
               ^^^^^^^^^^^^^^^^^^
/root/.venv/lib/python3.11/site-packages/urllib3/connection.py:571: in getresponse
    httplib_response = super().getresponse()
                       ^^^^^^^^^^^^^^^^^^^^^
/usr/local/lib/python3.11/http/client.py:1395: in getresponse
    response.begin()
/usr/local/lib/python3.11/http/client.py:325: in begin
    version, status, reason = self._read_status()
                              ^^^^^^^^^^^^^^^^^^^
/usr/local/lib/python3.11/http/client.py:286: in _read_status
    line = str(self.fp.readline(_MAXLINE + 1), "iso-8859-1")
               ^^^^^^^^^^^^^^^^^^^^^^^^^^^^^^
/usr/local/lib/python3.11/socket.py:718: in readinto
    return self._sock.recv_into(b)
           ^^^^^^^^^^^^^^^^^^^^^^^
/usr/local/lib/python3.11/ssl.py:1314: in recv_into
    return self.read(nbytes, buffer)
           ^^^^^^^^^^^^^^^^^^^^^^^^^
/usr/local/lib/python3.11/ssl.py:1166: in read
    return self._sslobj.read(len, buffer)
           ^^^^^^^^^^^^^^^^^^^^^^^^^^^^^^
E   TimeoutError: The read operation timed out

The above exception was the direct cause of the following exception:
/root/.venv/lib/python3.11/site-packages/requests/adapters.py:644: in send
    resp = conn.urlopen(
/root/.venv/lib/python3.11/site-packages/urllib3/connectionpool.py:841: in urlopen
    retries = retries.increment(
/root/.venv/lib/python3.11/site-packages/urllib3/util/retry.py:490: in increment
    raise reraise(type(error), error, _stacktrace)
          ^^^^^^^^^^^^^^^^^^^^^^^^^^^^^^^^^^^^^^^^
/root/.venv/lib/python3.11/site-packages/urllib3/util/util.py:39: in reraise
    raise value
/root/.venv/lib/python3.11/site-packages/urllib3/connectionpool.py:787: in urlopen
    response = self._make_request(
/root/.venv/lib/python3.11/site-packages/urllib3/connectionpool.py:536: in _make_request
    self._raise_timeout(err=e, url=url, timeout_value=read_timeout)
/root/.venv/lib/python3.11/site-packages/urllib3/connectionpool.py:367: in _raise_timeout
    raise ReadTimeoutError(
E   urllib3.exceptions.ReadTimeoutError: HTTPSConnectionPool(host='luciferos-1.preview.emergentagent.com', port=443): Read timed out. (read timeout=30)

During handling of the above exception, another exception occurred:
backend/tests/test_advanced_ui_and_apis.py:235: in test_garak_endpoint_exists
    response = requests.post(
/root/.venv/lib/python3.11/site-packages/requests/api.py:115: in post
    return request("post", url, data=data, json=json, **kwargs)
           ^^^^^^^^^^^^^^^^^^^^^^^^^^^^^^^^^^^^^^^^^^^^^^^^^^^^
/root/.venv/lib/python3.11/site-packages/requests/api.py:59: in request
    return session.request(method=method, url=url, **kwargs)
           ^^^^^^^^^^^^^^^^^^^^^^^^^^^^^^^^^^^^^^^^^^^^^^^^^
/root/.venv/lib/python3.11/site-packages/requests/sessions.py:589: in request
    resp = self.send(prep, **send_kwargs)
           ^^^^^^^^^^^^^^^^^^^^^^^^^^^^^^
/root/.venv/lib/python3.11/site-packages/requests/sessions.py:703: in send
    r = adapter.send(request, **kwargs)
        ^^^^^^^^^^^^^^^^^^^^^^^^^^^^^^^
/root/.venv/lib/python3.11/site-packages/requests/adapters.py:690: in send
    raise ReadTimeout(e, request=request)
E   requests.exceptions.ReadTimeout: HTTPSConnectionPool(host='luciferos-1.preview.emergentagent.com', port=443): Read timed out. (read timeout=30)</failure></testcase><testcase classname="backend.tests.test_advanced_ui_and_apis.TestAutonomousAgentAPIs" name="test_autogpt_endpoint_exists" time="0.075" /><testcase classname="backend.tests.test_advanced_ui_and_apis.TestAutonomousAgentAPIs" name="test_crew_endpoint_exists" time="0.043" /><testcase classname="backend.tests.test_advanced_ui_and_apis.TestDashboardHealth" name="test_dashboard_loads" time="0.062" /><testcase classname="backend.tests.test_advanced_ui_and_apis.TestDashboardHealth" name="test_backend_status" time="0.053"><failure message="AssertionError: assert ('status' in {'backend': {'ok': True, 'status_code': 200}, 'openclaw_canvas': 'http://127.0.0.1:18789/__openclaw__/canvas/'} or 'success' in {'backend': {'ok': True, 'status_code': 200}, 'openclaw_canvas': 'http://127.0.0.1:18789/__openclaw__/canvas/'})">backend/tests/test_advanced_ui_and_apis.py:293: in test_backend_status
    assert 'status' in data or 'success' in data
E   AssertionError: assert ('status' in {'backend': {'ok': True, 'status_code': 200}, 'openclaw_canvas': 'http://127.0.0.1:18789/__openclaw__/canvas/'} or 'success' in {'backend': {'ok': True, 'status_code': 200}, 'openclaw_canvas': 'http://127.0.0.1:18789/__openclaw__/canvas/'})</failure></testcase></testsuite></testsuites>